17:06:59  [main] 	Initializing Control Panel
17:06:59  [main] 	Windows Version: Windows 8  64-bit
17:06:59  [main] 	XAMPP Version: 5.6.3
17:06:59  [main] 	Control Panel Version: 3.2.1  [ Compiled: May 7th 2013 ]
17:06:59  [main] 	You are not running with administrator rights! This will work for
17:06:59  [main] 	most application stuff but whenever you do something with services
17:06:59  [main] 	there will be a security dialogue or things will break! So think 
17:06:59  [main] 	about running this application with administrator rights!
17:06:59  [main] 	XAMPP Installation Directory: "d:\xampp\"
17:06:59  [main] 	Checking for prerequisites
17:08:39  [main] 	All prerequisites found
17:08:39  [main] 	Initializing Modules
17:08:39  [main] 	Starting Check-Timer
17:08:39  [main] 	Control Panel Ready
17:11:03  [Apache] 	Attempting to start Apache app...
17:11:03  [Apache] 	Status change detected: running
17:11:05  [mysql] 	Attempting to start MySQL app...
17:11:05  [mysql] 	Status change detected: running
17:11:06  [filezilla] 	Attempting to start FileZilla app...
17:11:06  [filezilla] 	Status change detected: running
17:11:08  [mercury] 	Attempting to start Mercury app...
17:11:08  [mercury] 	Status change detected: running
17:11:20  [Tomcat] 	Attempting to start Tomcat app...
17:11:38  [Tomcat] 	Status change detected: running
17:14:32  [Apache] 	Attempting to stop Apache (PID: 5644)
17:14:32  [Apache] 	Attempting to stop Apache (PID: 5056)
17:14:32  [Apache] 	Status change detected: stopped
17:14:33  [mysql] 	Attempting to stop MySQL (PID: 6448)
17:14:33  [filezilla] 	Attempting to stop FileZilla app...
17:14:33  [mysql] 	Status change detected: stopped
17:14:33  [mercury] 	Attempting to stop Mercury (PID: 7848)
17:14:33  [Tomcat] 	Attempting to stop Tomcat
17:14:34  [filezilla] 	Status change detected: stopped
17:14:34  [mercury] 	Status change detected: stopped
17:14:37  [Tomcat] 	Tomcat Started/Stopped with errors, return code: 1
17:14:37  [Tomcat] 	Make sure you have Java JDK or JRE installed and the required ports are free
17:14:37  [Tomcat] 	Check the "/xampp/tomcat/logs" folder for more information
17:14:38  [Tomcat] 	Status change detected: stopped
17:25:03  [Apache] 	Status change detected: running
17:25:03  [mysql] 	Status change detected: running
17:27:23  [Apache] 	Status change detected: stopped
17:27:23  [mysql] 	Status change detected: stopped
17:39:59  [Apache] 	Status change detected: running
17:40:00  [mysql] 	Status change detected: running
17:40:01  [filezilla] 	Status change detected: running
17:40:02  [Apache] 	Status change detected: stopped
17:40:05  [mysql] 	Status change detected: stopped
17:40:09  [Apache] 	Status change detected: running
17:40:11  [Apache] 	Status change detected: stopped
17:40:18  [mysql] 	Status change detected: running
17:40:19  [Apache] 	Status change detected: running
18:25:17  [Apache] 	Status change detected: stopped
18:25:18  [mysql] 	Status change detected: stopped
18:25:19  [filezilla] 	Status change detected: stopped
18:27:23  [Apache] 	Status change detected: running
18:27:23  [mysql] 	Status change detected: running
18:27:24  [filezilla] 	Status change detected: running
18:46:43  [Apache] 	Status change detected: stopped
18:46:44  [mysql] 	Status change detected: stopped
18:46:44  [filezilla] 	Status change detected: stopped
18:50:36  [Apache] 	Status change detected: running
18:50:40  [mysql] 	Status change detected: running
18:50:40  [filezilla] 	Status change detected: running
21:05:23  [main] 	Deinitializing Modules
21:05:23  [main] 	Deinitializing Control Panel

12:13:25  [main] 	Initializing Control Panel
12:13:25  [main] 	Windows Version: Windows 8  64-bit
12:13:25  [main] 	XAMPP Version: 5.6.3
12:13:25  [main] 	Control Panel Version: 3.2.1  [ Compiled: May 7th 2013 ]
12:13:25  [main] 	You are not running with administrator rights! This will work for
12:13:25  [main] 	most application stuff but whenever you do something with services
12:13:25  [main] 	there will be a security dialogue or things will break! So think 
12:13:25  [main] 	about running this application with administrator rights!
12:13:25  [main] 	XAMPP Installation Directory: "e:\xampp\"
12:13:25  [main] 	Checking for prerequisites
12:13:25  [main] 	All prerequisites found
12:13:25  [main] 	Initializing Modules
12:13:25  [filezilla] 	XAMPP FileZilla is already running on port 21
12:13:25  [filezilla] 	XAMPP FileZilla is already running on port 14147
12:13:25  [main] 	Starting Check-Timer
12:13:25  [main] 	Control Panel Ready
12:13:31  [main] 	Deinitializing Modules
12:13:31  [main] 	Deinitializing Control Panel

12:00:06  [main] 	Initializing Control Panel
12:00:06  [main] 	Windows Version: Windows 8  64-bit
12:00:06  [main] 	XAMPP Version: 5.6.3
12:00:06  [main] 	Control Panel Version: 3.2.1  [ Compiled: May 7th 2013 ]
12:00:06  [main] 	You are not running with administrator rights! This will work for
12:00:06  [main] 	most application stuff but whenever you do something with services
12:00:06  [main] 	there will be a security dialogue or things will break! So think 
12:00:06  [main] 	about running this application with administrator rights!
12:00:06  [main] 	XAMPP Installation Directory: "e:\xampp\"
12:00:06  [main] 	Checking for prerequisites
12:00:38  [main] 	All prerequisites found
12:00:38  [main] 	Initializing Modules
12:00:38  [main] 	Starting Check-Timer
12:00:38  [main] 	Control Panel Ready
12:11:23  [Apache] 	Attempting to start Apache app...
12:11:24  [Apache] 	Status change detected: running
12:11:24  [mysql] 	Attempting to start MySQL app...
12:11:27  [mysql] 	Status change detected: running
12:11:28  [Apache] 	Status change detected: stopped
12:11:28  [Apache] 	Error: Apache shutdown unexpectedly.
12:11:28  [Apache] 	This may be due to a blocked port, missing dependencies, 
12:11:28  [Apache] 	improper privileges, a crash, or a shutdown by another method.
12:11:28  [Apache] 	Press the Logs button to view error logs and check
12:11:28  [Apache] 	the Windows Event Viewer for more clues
12:11:28  [Apache] 	If you need more help, copy and post this
12:11:28  [Apache] 	entire log window on the forums
12:11:29  [mysql] 	Status change detected: stopped
12:11:29  [mysql] 	Error: MySQL shutdown unexpectedly.
12:11:29  [mysql] 	This may be due to a blocked port, missing dependencies, 
12:11:29  [mysql] 	improper privileges, a crash, or a shutdown by another method.
12:11:29  [mysql] 	Press the Logs button to view error logs and check
12:11:29  [mysql] 	the Windows Event Viewer for more clues
12:11:29  [mysql] 	If you need more help, copy and post this
12:11:29  [mysql] 	entire log window on the forums
12:11:36  [Apache] 	Attempting to start Apache app...
12:11:37  [Apache] 	Status change detected: running
12:11:38  [Apache] 	Status change detected: stopped
12:11:38  [Apache] 	Error: Apache shutdown unexpectedly.
12:11:38  [Apache] 	This may be due to a blocked port, missing dependencies, 
12:11:38  [Apache] 	improper privileges, a crash, or a shutdown by another method.
12:11:38  [Apache] 	Press the Logs button to view error logs and check
12:11:38  [Apache] 	the Windows Event Viewer for more clues
12:11:38  [Apache] 	If you need more help, copy and post this
12:11:38  [Apache] 	entire log window on the forums
12:12:07  [Apache] 	Status change detected: running
12:12:07  [mysql] 	Status change detected: running
12:12:07  [mysql] 	Status change detected: stopped
12:12:07  [mysql] 	Error: MySQL shutdown unexpectedly.
12:12:07  [mysql] 	This may be due to a blocked port, missing dependencies, 
12:12:07  [mysql] 	improper privileges, a crash, or a shutdown by another method.
12:12:07  [mysql] 	Press the Logs button to view error logs and check
12:12:07  [mysql] 	the Windows Event Viewer for more clues
12:12:07  [mysql] 	If you need more help, copy and post this
12:12:07  [mysql] 	entire log window on the forums
12:12:08  [Apache] 	Status change detected: stopped
12:12:08  [Apache] 	Error: Apache shutdown unexpectedly.
12:12:08  [Apache] 	This may be due to a blocked port, missing dependencies, 
12:12:08  [Apache] 	improper privileges, a crash, or a shutdown by another method.
12:12:08  [Apache] 	Press the Logs button to view error logs and check
12:12:08  [Apache] 	the Windows Event Viewer for more clues
12:12:08  [Apache] 	If you need more help, copy and post this
12:12:08  [Apache] 	entire log window on the forums
12:12:13  [Apache] 	Status change detected: running
12:12:14  [Apache] 	Status change detected: stopped
12:12:14  [Apache] 	Error: Apache shutdown unexpectedly.
12:12:14  [Apache] 	This may be due to a blocked port, missing dependencies, 
12:12:14  [Apache] 	improper privileges, a crash, or a shutdown by another method.
12:12:14  [Apache] 	Press the Logs button to view error logs and check
12:12:14  [Apache] 	the Windows Event Viewer for more clues
12:12:14  [Apache] 	If you need more help, copy and post this
12:12:14  [Apache] 	entire log window on the forums
12:12:16  [mysql] 	Status change detected: running
12:12:17  [mysql] 	Status change detected: stopped
12:12:17  [mysql] 	Error: MySQL shutdown unexpectedly.
12:12:17  [mysql] 	This may be due to a blocked port, missing dependencies, 
12:12:17  [mysql] 	improper privileges, a crash, or a shutdown by another method.
12:12:17  [mysql] 	Press the Logs button to view error logs and check
12:12:17  [mysql] 	the Windows Event Viewer for more clues
12:12:17  [mysql] 	If you need more help, copy and post this
12:12:17  [mysql] 	entire log window on the forums
12:12:18  [filezilla] 	Status change detected: running
12:12:28  [mysql] 	Status change detected: running
12:12:29  [mysql] 	Status change detected: stopped
12:12:29  [mysql] 	Error: MySQL shutdown unexpectedly.
12:12:29  [mysql] 	This may be due to a blocked port, missing dependencies, 
12:12:29  [mysql] 	improper privileges, a crash, or a shutdown by another method.
12:12:29  [mysql] 	Press the Logs button to view error logs and check
12:12:29  [mysql] 	the Windows Event Viewer for more clues
12:12:29  [mysql] 	If you need more help, copy and post this
12:12:29  [mysql] 	entire log window on the forums
12:12:30  [Apache] 	Status change detected: running
12:12:31  [Apache] 	Status change detected: stopped
12:12:31  [Apache] 	Error: Apache shutdown unexpectedly.
12:12:31  [Apache] 	This may be due to a blocked port, missing dependencies, 
12:12:31  [Apache] 	improper privileges, a crash, or a shutdown by another method.
12:12:31  [Apache] 	Press the Logs button to view error logs and check
12:12:31  [Apache] 	the Windows Event Viewer for more clues
12:12:31  [Apache] 	If you need more help, copy and post this
12:12:31  [Apache] 	entire log window on the forums
12:12:59  [Apache] 	Status change detected: running
12:13:01  [Apache] 	Status change detected: stopped
12:13:01  [Apache] 	Error: Apache shutdown unexpectedly.
12:13:01  [Apache] 	This may be due to a blocked port, missing dependencies, 
12:13:01  [Apache] 	improper privileges, a crash, or a shutdown by another method.
12:13:01  [Apache] 	Press the Logs button to view error logs and check
12:13:01  [Apache] 	the Windows Event Viewer for more clues
12:13:01  [Apache] 	If you need more help, copy and post this
12:13:01  [Apache] 	entire log window on the forums
12:13:40  [main] 	Deinitializing Modules
12:13:40  [main] 	Deinitializing Control Panel

12:12:11  [main] 	Initializing Control Panel
12:12:11  [main] 	Windows Version: Windows 8  64-bit
12:12:11  [main] 	XAMPP Version: 5.6.3
12:12:11  [main] 	Control Panel Version: 3.2.1  [ Compiled: May 7th 2013 ]
12:12:11  [main] 	You are not running with administrator rights! This will work for
12:12:11  [main] 	most application stuff but whenever you do something with services
12:12:11  [main] 	there will be a security dialogue or things will break! So think 
12:12:11  [main] 	about running this application with administrator rights!
12:12:11  [main] 	XAMPP Installation Directory: "e:\xampp\"
12:12:11  [main] 	Checking for prerequisites
12:12:11  [main] 	All prerequisites found
12:12:11  [main] 	Initializing Modules
12:12:11  [main] 	Starting Check-Timer
12:12:11  [main] 	Control Panel Ready
12:12:13  [Apache] 	Attempting to start Apache app...
12:12:13  [Apache] 	Status change detected: running
12:12:14  [Apache] 	Status change detected: stopped
12:12:14  [Apache] 	Error: Apache shutdown unexpectedly.
12:12:14  [Apache] 	This may be due to a blocked port, missing dependencies, 
12:12:14  [Apache] 	improper privileges, a crash, or a shutdown by another method.
12:12:14  [Apache] 	Press the Logs button to view error logs and check
12:12:14  [Apache] 	the Windows Event Viewer for more clues
12:12:14  [Apache] 	If you need more help, copy and post this
12:12:14  [Apache] 	entire log window on the forums
12:12:15  [mysql] 	Attempting to start MySQL app...
12:12:16  [mysql] 	Status change detected: running
12:12:16  [mysql] 	Status change detected: stopped
12:12:16  [mysql] 	Error: MySQL shutdown unexpectedly.
12:12:16  [mysql] 	This may be due to a blocked port, missing dependencies, 
12:12:16  [mysql] 	improper privileges, a crash, or a shutdown by another method.
12:12:16  [mysql] 	Press the Logs button to view error logs and check
12:12:16  [mysql] 	the Windows Event Viewer for more clues
12:12:16  [mysql] 	If you need more help, copy and post this
12:12:16  [mysql] 	entire log window on the forums
12:12:17  [filezilla] 	Attempting to start FileZilla app...
12:12:17  [filezilla] 	Status change detected: running
12:12:28  [mysql] 	Attempting to start MySQL app...
12:12:28  [mysql] 	Status change detected: running
12:12:28  [mysql] 	Status change detected: stopped
12:12:28  [mysql] 	Error: MySQL shutdown unexpectedly.
12:12:28  [mysql] 	This may be due to a blocked port, missing dependencies, 
12:12:28  [mysql] 	improper privileges, a crash, or a shutdown by another method.
12:12:28  [mysql] 	Press the Logs button to view error logs and check
12:12:28  [mysql] 	the Windows Event Viewer for more clues
12:12:28  [mysql] 	If you need more help, copy and post this
12:12:28  [mysql] 	entire log window on the forums
12:12:30  [Apache] 	Attempting to start Apache app...
12:12:30  [Apache] 	Status change detected: running
12:12:31  [Apache] 	Status change detected: stopped
12:12:31  [Apache] 	Error: Apache shutdown unexpectedly.
12:12:31  [Apache] 	This may be due to a blocked port, missing dependencies, 
12:12:31  [Apache] 	improper privileges, a crash, or a shutdown by another method.
12:12:31  [Apache] 	Press the Logs button to view error logs and check
12:12:31  [Apache] 	the Windows Event Viewer for more clues
12:12:31  [Apache] 	If you need more help, copy and post this
12:12:31  [Apache] 	entire log window on the forums
12:12:59  [Apache] 	Attempting to start Apache app...
12:12:59  [Apache] 	Status change detected: running
12:13:01  [Apache] 	Status change detected: stopped
12:13:01  [Apache] 	Error: Apache shutdown unexpectedly.
12:13:01  [Apache] 	This may be due to a blocked port, missing dependencies, 
12:13:01  [Apache] 	improper privileges, a crash, or a shutdown by another method.
12:13:01  [Apache] 	Press the Logs button to view error logs and check
12:13:01  [Apache] 	the Windows Event Viewer for more clues
12:13:01  [Apache] 	If you need more help, copy and post this
12:13:01  [Apache] 	entire log window on the forums
12:13:41  [main] 	Deinitializing Modules
12:13:41  [main] 	Deinitializing Control Panel

12:13:35  [main] 	Initializing Control Panel
12:13:35  [main] 	Windows Version: Windows 8  64-bit
12:13:35  [main] 	XAMPP Version: 5.6.3
12:13:35  [main] 	Control Panel Version: 3.2.1  [ Compiled: May 7th 2013 ]
12:13:35  [main] 	You are not running with administrator rights! This will work for
12:13:35  [main] 	most application stuff but whenever you do something with services
12:13:35  [main] 	there will be a security dialogue or things will break! So think 
12:13:35  [main] 	about running this application with administrator rights!
12:13:35  [main] 	XAMPP Installation Directory: "e:\xampp\"
12:13:35  [main] 	Checking for prerequisites
12:13:35  [main] 	All prerequisites found
12:13:35  [main] 	Initializing Modules
12:13:35  [filezilla] 	XAMPP FileZilla is already running on port 21
12:13:35  [filezilla] 	XAMPP FileZilla is already running on port 14147
12:13:35  [main] 	Starting Check-Timer
12:13:35  [main] 	Control Panel Ready
12:13:43  [main] 	Deinitializing Modules
12:13:43  [main] 	Deinitializing Control Panel

12:22:05  [main] 	Initializing Control Panel
12:22:05  [main] 	Windows Version: Windows 8  64-bit
12:22:05  [main] 	XAMPP Version: 5.6.3
12:22:05  [main] 	Control Panel Version: 3.2.1  [ Compiled: May 7th 2013 ]
12:22:05  [main] 	You are not running with administrator rights! This will work for
12:22:05  [main] 	most application stuff but whenever you do something with services
12:22:05  [main] 	there will be a security dialogue or things will break! So think 
12:22:05  [main] 	about running this application with administrator rights!
12:22:05  [main] 	XAMPP Installation Directory: "e:\xampp\"
12:22:05  [main] 	Checking for prerequisites
12:23:17  [main] 	All prerequisites found
12:23:17  [main] 	Initializing Modules
12:23:17  [main] 	Starting Check-Timer
12:23:17  [main] 	Control Panel Ready
12:23:22  [Apache] 	Attempting to start Apache app...
12:23:23  [mysql] 	Attempting to start MySQL app...
12:23:23  [Apache] 	Status change detected: running
12:23:23  [mysql] 	Status change detected: running
12:23:24  [filezilla] 	Attempting to start FileZilla app...
12:23:24  [Apache] 	Status change detected: stopped
12:23:24  [Apache] 	Error: Apache shutdown unexpectedly.
12:23:24  [Apache] 	This may be due to a blocked port, missing dependencies, 
12:23:24  [Apache] 	improper privileges, a crash, or a shutdown by another method.
12:23:24  [Apache] 	Press the Logs button to view error logs and check
12:23:24  [Apache] 	the Windows Event Viewer for more clues
12:23:24  [Apache] 	If you need more help, copy and post this
12:23:24  [Apache] 	entire log window on the forums
12:23:24  [mysql] 	Status change detected: stopped
12:23:24  [mysql] 	Error: MySQL shutdown unexpectedly.
12:23:24  [mysql] 	This may be due to a blocked port, missing dependencies, 
12:23:24  [mysql] 	improper privileges, a crash, or a shutdown by another method.
12:23:24  [mysql] 	Press the Logs button to view error logs and check
12:23:24  [mysql] 	the Windows Event Viewer for more clues
12:23:24  [mysql] 	If you need more help, copy and post this
12:23:24  [mysql] 	entire log window on the forums
12:23:24  [filezilla] 	Status change detected: running
12:23:26  [mysql] 	Attempting to start MySQL app...
12:23:26  [mysql] 	Status change detected: running
12:23:26  [mysql] 	Status change detected: stopped
12:23:26  [mysql] 	Error: MySQL shutdown unexpectedly.
12:23:26  [mysql] 	This may be due to a blocked port, missing dependencies, 
12:23:26  [mysql] 	improper privileges, a crash, or a shutdown by another method.
12:23:26  [mysql] 	Press the Logs button to view error logs and check
12:23:26  [mysql] 	the Windows Event Viewer for more clues
12:23:26  [mysql] 	If you need more help, copy and post this
12:23:26  [mysql] 	entire log window on the forums
12:23:27  [mysql] 	Attempting to start MySQL app...
12:23:27  [mysql] 	Status change detected: running
12:23:28  [mysql] 	Status change detected: stopped
12:23:28  [mysql] 	Error: MySQL shutdown unexpectedly.
12:23:28  [mysql] 	This may be due to a blocked port, missing dependencies, 
12:23:28  [mysql] 	improper privileges, a crash, or a shutdown by another method.
12:23:28  [mysql] 	Press the Logs button to view error logs and check
12:23:28  [mysql] 	the Windows Event Viewer for more clues
12:23:28  [mysql] 	If you need more help, copy and post this
12:23:28  [mysql] 	entire log window on the forums
12:23:29  [mysql] 	Attempting to start MySQL app...
12:23:29  [mysql] 	Status change detected: running
12:23:29  [mysql] 	Status change detected: stopped
12:23:29  [mysql] 	Error: MySQL shutdown unexpectedly.
12:23:29  [mysql] 	This may be due to a blocked port, missing dependencies, 
12:23:29  [mysql] 	improper privileges, a crash, or a shutdown by another method.
12:23:29  [mysql] 	Press the Logs button to view error logs and check
12:23:29  [mysql] 	the Windows Event Viewer for more clues
12:23:29  [mysql] 	If you need more help, copy and post this
12:23:29  [mysql] 	entire log window on the forums
12:23:41  [mysql] 	Attempting to start MySQL app...
12:23:41  [mysql] 	Status change detected: running
12:23:41  [mysql] 	Status change detected: stopped
12:23:41  [mysql] 	Error: MySQL shutdown unexpectedly.
12:23:41  [mysql] 	This may be due to a blocked port, missing dependencies, 
12:23:41  [mysql] 	improper privileges, a crash, or a shutdown by another method.
12:23:41  [mysql] 	Press the Logs button to view error logs and check
12:23:41  [mysql] 	the Windows Event Viewer for more clues
12:23:41  [mysql] 	If you need more help, copy and post this
12:23:41  [mysql] 	entire log window on the forums
12:23:42  [Apache] 	Attempting to start Apache app...
12:23:42  [Apache] 	Status change detected: running
12:23:43  [Apache] 	Status change detected: stopped
12:23:43  [Apache] 	Error: Apache shutdown unexpectedly.
12:23:43  [Apache] 	This may be due to a blocked port, missing dependencies, 
12:23:43  [Apache] 	improper privileges, a crash, or a shutdown by another method.
12:23:43  [Apache] 	Press the Logs button to view error logs and check
12:23:43  [Apache] 	the Windows Event Viewer for more clues
12:23:43  [Apache] 	If you need more help, copy and post this
12:23:43  [Apache] 	entire log window on the forums
12:23:55  [Apache] 	Attempting to start Apache app...
12:23:55  [Apache] 	Status change detected: running
12:23:56  [Apache] 	Status change detected: stopped
12:23:56  [Apache] 	Error: Apache shutdown unexpectedly.
12:23:56  [Apache] 	This may be due to a blocked port, missing dependencies, 
12:23:56  [Apache] 	improper privileges, a crash, or a shutdown by another method.
12:23:56  [Apache] 	Press the Logs button to view error logs and check
12:23:56  [Apache] 	the Windows Event Viewer for more clues
12:23:56  [Apache] 	If you need more help, copy and post this
12:23:57  [Apache] 	entire log window on the forums
12:23:57  [mysql] 	Attempting to start MySQL app...
12:23:57  [mysql] 	Status change detected: running
12:23:58  [mysql] 	Status change detected: stopped
12:23:58  [mysql] 	Error: MySQL shutdown unexpectedly.
12:23:58  [mysql] 	This may be due to a blocked port, missing dependencies, 
12:23:58  [mysql] 	improper privileges, a crash, or a shutdown by another method.
12:23:58  [mysql] 	Press the Logs button to view error logs and check
12:23:58  [mysql] 	the Windows Event Viewer for more clues
12:23:58  [mysql] 	If you need more help, copy and post this
12:23:58  [mysql] 	entire log window on the forums
12:23:59  [mysql] 	Attempting to start MySQL app...
12:23:59  [mysql] 	Status change detected: running
12:23:59  [mysql] 	Status change detected: stopped
12:23:59  [mysql] 	Error: MySQL shutdown unexpectedly.
12:23:59  [mysql] 	This may be due to a blocked port, missing dependencies, 
12:23:59  [mysql] 	improper privileges, a crash, or a shutdown by another method.
12:23:59  [mysql] 	Press the Logs button to view error logs and check
12:23:59  [mysql] 	the Windows Event Viewer for more clues
12:23:59  [mysql] 	If you need more help, copy and post this
12:23:59  [mysql] 	entire log window on the forums
12:24:00  [mysql] 	Attempting to start MySQL app...
12:24:00  [mysql] 	Status change detected: running
12:24:01  [mysql] 	Status change detected: stopped
12:24:01  [mysql] 	Error: MySQL shutdown unexpectedly.
12:24:01  [mysql] 	This may be due to a blocked port, missing dependencies, 
12:24:01  [mysql] 	improper privileges, a crash, or a shutdown by another method.
12:24:01  [mysql] 	Press the Logs button to view error logs and check
12:24:01  [mysql] 	the Windows Event Viewer for more clues
12:24:01  [mysql] 	If you need more help, copy and post this
12:24:01  [mysql] 	entire log window on the forums
12:24:49  [mysql] 	Attempting to start MySQL app...
12:24:49  [mysql] 	Status change detected: running
12:24:50  [mysql] 	Status change detected: stopped
12:24:50  [mysql] 	Error: MySQL shutdown unexpectedly.
12:24:50  [mysql] 	This may be due to a blocked port, missing dependencies, 
12:24:50  [mysql] 	improper privileges, a crash, or a shutdown by another method.
12:24:50  [mysql] 	Press the Logs button to view error logs and check
12:24:50  [mysql] 	the Windows Event Viewer for more clues
12:24:50  [mysql] 	If you need more help, copy and post this
12:24:50  [mysql] 	entire log window on the forums
12:24:50  [Apache] 	Attempting to start Apache app...
12:24:51  [Apache] 	Status change detected: running
12:24:51  [Apache] 	Status change detected: stopped
12:24:51  [Apache] 	Error: Apache shutdown unexpectedly.
12:24:51  [Apache] 	This may be due to a blocked port, missing dependencies, 
12:24:51  [Apache] 	improper privileges, a crash, or a shutdown by another method.
12:24:51  [Apache] 	Press the Logs button to view error logs and check
12:24:52  [Apache] 	the Windows Event Viewer for more clues
12:24:52  [Apache] 	If you need more help, copy and post this
12:24:52  [Apache] 	entire log window on the forums
12:25:11  [mysql] 	Attempting to start MySQL app...
12:25:11  [mysql] 	Status change detected: running
12:25:11  [mysql] 	Status change detected: stopped
12:25:11  [mysql] 	Error: MySQL shutdown unexpectedly.
12:25:11  [mysql] 	This may be due to a blocked port, missing dependencies, 
12:25:12  [mysql] 	improper privileges, a crash, or a shutdown by another method.
12:25:12  [mysql] 	Press the Logs button to view error logs and check
12:25:12  [mysql] 	the Windows Event Viewer for more clues
12:25:12  [mysql] 	If you need more help, copy and post this
12:25:12  [mysql] 	entire log window on the forums
12:25:46  [Apache] 	Attempting to start Apache app...
12:25:46  [Apache] 	Status change detected: running
12:25:47  [Apache] 	Status change detected: stopped
12:25:47  [Apache] 	Error: Apache shutdown unexpectedly.
12:25:47  [Apache] 	This may be due to a blocked port, missing dependencies, 
12:25:48  [Apache] 	improper privileges, a crash, or a shutdown by another method.
12:25:48  [Apache] 	Press the Logs button to view error logs and check
12:25:48  [Apache] 	the Windows Event Viewer for more clues
12:25:48  [Apache] 	If you need more help, copy and post this
12:25:48  [Apache] 	entire log window on the forums
12:25:49  [mysql] 	Attempting to start MySQL app...
12:25:49  [mysql] 	Status change detected: running
12:25:49  [mysql] 	Status change detected: stopped
12:25:49  [mysql] 	Error: MySQL shutdown unexpectedly.
12:25:49  [mysql] 	This may be due to a blocked port, missing dependencies, 
12:25:49  [mysql] 	improper privileges, a crash, or a shutdown by another method.
12:25:49  [mysql] 	Press the Logs button to view error logs and check
12:25:49  [mysql] 	the Windows Event Viewer for more clues
12:25:49  [mysql] 	If you need more help, copy and post this
12:25:49  [mysql] 	entire log window on the forums
12:25:50  [Apache] 	Attempting to start Apache app...
12:25:50  [Apache] 	Status change detected: running
12:25:51  [Apache] 	Status change detected: stopped
12:25:51  [Apache] 	Error: Apache shutdown unexpectedly.
12:25:52  [Apache] 	This may be due to a blocked port, missing dependencies, 
12:25:52  [Apache] 	improper privileges, a crash, or a shutdown by another method.
12:25:52  [Apache] 	Press the Logs button to view error logs and check
12:25:52  [Apache] 	the Windows Event Viewer for more clues
12:25:52  [Apache] 	If you need more help, copy and post this
12:25:52  [Apache] 	entire log window on the forums
12:26:27  [Apache] 	Attempting to start Apache app...
12:26:27  [Apache] 	Status change detected: running
12:26:28  [Apache] 	Status change detected: stopped
12:26:28  [Apache] 	Error: Apache shutdown unexpectedly.
12:26:28  [Apache] 	This may be due to a blocked port, missing dependencies, 
12:26:28  [Apache] 	improper privileges, a crash, or a shutdown by another method.
12:26:28  [Apache] 	Press the Logs button to view error logs and check
12:26:28  [Apache] 	the Windows Event Viewer for more clues
12:26:28  [Apache] 	If you need more help, copy and post this
12:26:28  [Apache] 	entire log window on the forums
12:26:42  [Apache] 	Attempting to start Apache app...
12:26:42  [Apache] 	Status change detected: running
12:26:43  [Apache] 	Status change detected: stopped
12:26:43  [Apache] 	Error: Apache shutdown unexpectedly.
12:26:43  [Apache] 	This may be due to a blocked port, missing dependencies, 
12:26:43  [Apache] 	improper privileges, a crash, or a shutdown by another method.
12:26:44  [Apache] 	Press the Logs button to view error logs and check
12:26:44  [Apache] 	the Windows Event Viewer for more clues
12:26:44  [Apache] 	If you need more help, copy and post this
12:26:44  [Apache] 	entire log window on the forums
12:26:44  [mysql] 	Attempting to start MySQL app...
12:26:44  [mysql] 	Status change detected: running
12:26:45  [mysql] 	Status change detected: stopped
12:26:45  [mysql] 	Error: MySQL shutdown unexpectedly.
12:26:45  [mysql] 	This may be due to a blocked port, missing dependencies, 
12:26:45  [mysql] 	improper privileges, a crash, or a shutdown by another method.
12:26:45  [mysql] 	Press the Logs button to view error logs and check
12:26:45  [mysql] 	the Windows Event Viewer for more clues
12:26:45  [mysql] 	If you need more help, copy and post this
12:26:45  [mysql] 	entire log window on the forums
12:26:55  [Apache] 	Status change detected: running
12:26:55  [mysql] 	Status change detected: running
12:26:56  [mysql] 	Status change detected: stopped
12:26:56  [mysql] 	Error: MySQL shutdown unexpectedly.
12:26:56  [mysql] 	This may be due to a blocked port, missing dependencies, 
12:26:56  [mysql] 	improper privileges, a crash, or a shutdown by another method.
12:26:56  [mysql] 	Press the Logs button to view error logs and check
12:26:56  [mysql] 	the Windows Event Viewer for more clues
12:26:56  [mysql] 	If you need more help, copy and post this
12:26:56  [mysql] 	entire log window on the forums
12:26:56  [Apache] 	Status change detected: stopped
12:26:56  [Apache] 	Error: Apache shutdown unexpectedly.
12:26:57  [Apache] 	This may be due to a blocked port, missing dependencies, 
12:26:57  [Apache] 	improper privileges, a crash, or a shutdown by another method.
12:26:57  [Apache] 	Press the Logs button to view error logs and check
12:26:57  [Apache] 	the Windows Event Viewer for more clues
12:26:57  [Apache] 	If you need more help, copy and post this
12:26:57  [Apache] 	entire log window on the forums
12:27:36  [filezilla] 	Attempting to stop FileZilla app...
12:27:36  [filezilla] 	Status change detected: stopped
12:28:02  [main] 	Deinitializing Modules
12:28:02  [main] 	Deinitializing Control Panel

12:26:54  [main] 	Initializing Control Panel
12:26:54  [main] 	Windows Version: Windows 8  64-bit
12:26:54  [main] 	XAMPP Version: 5.6.3
12:26:54  [main] 	Control Panel Version: 3.2.1  [ Compiled: May 7th 2013 ]
12:26:54  [main] 	You are not running with administrator rights! This will work for
12:26:54  [main] 	most application stuff but whenever you do something with services
12:26:54  [main] 	there will be a security dialogue or things will break! So think 
12:26:54  [main] 	about running this application with administrator rights!
12:26:54  [main] 	XAMPP Installation Directory: "e:\xampp\"
12:26:55  [main] 	Checking for prerequisites
12:26:55  [main] 	All prerequisites found
12:26:55  [main] 	Initializing Modules
12:26:55  [filezilla] 	XAMPP FileZilla is already running on port 21
12:26:55  [filezilla] 	XAMPP FileZilla is already running on port 14147
12:26:55  [main] 	Enabling autostart for module "Apache"
12:26:55  [main] 	Enabling autostart for module "MySQL"
12:26:55  [main] 	Enabling autostart for module "FileZilla"
12:26:55  [main] 	Starting Check-Timer
12:26:55  [main] 	Control Panel Ready
12:26:55  [Apache] 	Autostart active: starting...
12:26:55  [Apache] 	Attempting to start Apache app...
12:26:55  [mysql] 	Autostart active: starting...
12:26:55  [mysql] 	Attempting to start MySQL app...
12:26:55  [filezilla] 	Autostart aborted: FileZilla is already running
12:26:56  [Apache] 	Status change detected: running
12:26:56  [Apache] 	Status change detected: stopped
12:26:56  [Apache] 	Error: Apache shutdown unexpectedly.
12:26:56  [Apache] 	This may be due to a blocked port, missing dependencies, 
12:26:56  [Apache] 	improper privileges, a crash, or a shutdown by another method.
12:26:56  [Apache] 	Press the Logs button to view error logs and check
12:26:56  [Apache] 	the Windows Event Viewer for more clues
12:26:56  [Apache] 	If you need more help, copy and post this
12:26:56  [Apache] 	entire log window on the forums
12:27:36  [filezilla] 	Status change detected: stopped
12:27:36  [filezilla] 	Error: FileZilla shutdown unexpectedly.
12:27:36  [filezilla] 	This may be due to a blocked port, missing dependencies, 
12:27:36  [filezilla] 	improper privileges, a crash, or a shutdown by another method.
12:27:36  [filezilla] 	Press the Logs button to view error logs and check
12:27:36  [filezilla] 	the Windows Event Viewer for more clues
12:27:36  [filezilla] 	If you need more help, copy and post this
12:27:36  [filezilla] 	entire log window on the forums
12:28:03  [main] 	Deinitializing Modules
12:28:03  [main] 	Deinitializing Control Panel

12:37:27  [main] 	Initializing Control Panel
12:37:27  [main] 	Windows Version: Windows 8  64-bit
12:37:27  [main] 	XAMPP Version: 5.6.3
12:37:27  [main] 	Control Panel Version: 3.2.1  [ Compiled: May 7th 2013 ]
12:37:27  [main] 	You are not running with administrator rights! This will work for
12:37:27  [main] 	most application stuff but whenever you do something with services
12:37:27  [main] 	there will be a security dialogue or things will break! So think 
12:37:27  [main] 	about running this application with administrator rights!
12:37:27  [main] 	XAMPP Installation Directory: "e:\xampp\"
12:37:27  [main] 	Checking for prerequisites
12:37:27  [main] 	All prerequisites found
12:37:27  [main] 	Initializing Modules
12:37:27  [filezilla] 	XAMPP FileZilla is already running on port 21
12:37:27  [filezilla] 	XAMPP FileZilla is already running on port 14147
12:37:27  [main] 	Enabling autostart for module "Apache"
12:37:27  [main] 	Enabling autostart for module "MySQL"
12:37:27  [main] 	Enabling autostart for module "FileZilla"
12:37:27  [main] 	Starting Check-Timer
12:37:27  [main] 	Control Panel Ready
12:37:27  [Apache] 	Autostart aborted: Apache is already running
12:37:27  [mysql] 	Autostart active: starting...
12:37:27  [mysql] 	Attempting to start MySQL app...
12:37:27  [filezilla] 	Autostart aborted: FileZilla is already running
12:37:28  [mysql] 	Status change detected: running
12:37:28  [mysql] 	Status change detected: stopped
12:37:28  [mysql] 	Error: MySQL shutdown unexpectedly.
12:37:28  [mysql] 	This may be due to a blocked port, missing dependencies, 
12:37:28  [mysql] 	improper privileges, a crash, or a shutdown by another method.
12:37:28  [mysql] 	Press the Logs button to view error logs and check
12:37:28  [mysql] 	the Windows Event Viewer for more clues
12:37:28  [mysql] 	If you need more help, copy and post this
12:37:28  [mysql] 	entire log window on the forums
12:37:35  [mysql] 	Attempting to start MySQL app...
12:37:36  [mysql] 	Status change detected: running
12:37:37  [mysql] 	Status change detected: stopped
12:37:37  [mysql] 	Error: MySQL shutdown unexpectedly.
12:37:37  [mysql] 	This may be due to a blocked port, missing dependencies, 
12:37:37  [mysql] 	improper privileges, a crash, or a shutdown by another method.
12:37:37  [mysql] 	Press the Logs button to view error logs and check
12:37:37  [mysql] 	the Windows Event Viewer for more clues
12:37:37  [mysql] 	If you need more help, copy and post this
12:37:37  [mysql] 	entire log window on the forums
12:37:43  [mysql] 	Status change detected: running
12:37:43  [mysql] 	Status change detected: stopped
12:37:43  [mysql] 	Error: MySQL shutdown unexpectedly.
12:37:43  [mysql] 	This may be due to a blocked port, missing dependencies, 
12:37:43  [mysql] 	improper privileges, a crash, or a shutdown by another method.
12:37:43  [mysql] 	Press the Logs button to view error logs and check
12:37:43  [mysql] 	the Windows Event Viewer for more clues
12:37:43  [mysql] 	If you need more help, copy and post this
12:37:43  [mysql] 	entire log window on the forums
12:38:35  [mysql] 	Attempting to start MySQL app...
12:38:36  [Apache] 	Status change detected: stopped
12:38:36  [Apache] 	Error: Apache shutdown unexpectedly.
12:38:36  [Apache] 	This may be due to a blocked port, missing dependencies, 
12:38:36  [Apache] 	improper privileges, a crash, or a shutdown by another method.
12:38:36  [Apache] 	Press the Logs button to view error logs and check
12:38:36  [Apache] 	the Windows Event Viewer for more clues
12:38:36  [Apache] 	If you need more help, copy and post this
12:38:36  [Apache] 	entire log window on the forums
12:38:36  [mysql] 	Status change detected: running
12:38:45  [Apache] 	Attempting to start Apache app...
12:38:45  [Apache] 	Status change detected: running
14:34:48  [Apache] 	Status change detected: stopped
14:34:49  [Apache] 	Error: Apache shutdown unexpectedly.
14:34:49  [Apache] 	This may be due to a blocked port, missing dependencies, 
14:34:49  [Apache] 	improper privileges, a crash, or a shutdown by another method.
14:34:49  [Apache] 	Press the Logs button to view error logs and check
14:34:49  [Apache] 	the Windows Event Viewer for more clues
14:34:49  [Apache] 	If you need more help, copy and post this
14:34:49  [Apache] 	entire log window on the forums
14:34:49  [mysql] 	Status change detected: stopped
14:34:49  [mysql] 	Error: MySQL shutdown unexpectedly.
14:34:49  [mysql] 	This may be due to a blocked port, missing dependencies, 
14:34:49  [mysql] 	improper privileges, a crash, or a shutdown by another method.
14:34:49  [mysql] 	Press the Logs button to view error logs and check
14:34:49  [mysql] 	the Windows Event Viewer for more clues
14:34:49  [mysql] 	If you need more help, copy and post this
14:34:49  [mysql] 	entire log window on the forums
14:34:49  [filezilla] 	Status change detected: stopped
14:34:49  [filezilla] 	Error: FileZilla shutdown unexpectedly.
14:34:49  [filezilla] 	This may be due to a blocked port, missing dependencies, 
14:34:49  [filezilla] 	improper privileges, a crash, or a shutdown by another method.
14:34:49  [filezilla] 	Press the Logs button to view error logs and check
14:34:49  [filezilla] 	the Windows Event Viewer for more clues
14:34:49  [filezilla] 	If you need more help, copy and post this
14:34:49  [filezilla] 	entire log window on the forums
14:34:49  [main] 	Deinitializing Modules
14:34:49  [main] 	Deinitializing Control Panel

14:53:55  [main] 	Initializing Control Panel
14:53:55  [main] 	Windows Version: Windows 8  64-bit
14:53:55  [main] 	XAMPP Version: 5.6.3
14:53:55  [main] 	Control Panel Version: 3.2.1  [ Compiled: May 7th 2013 ]
14:53:55  [main] 	You are not running with administrator rights! This will work for
14:53:55  [main] 	most application stuff but whenever you do something with services
14:53:55  [main] 	there will be a security dialogue or things will break! So think 
14:53:55  [main] 	about running this application with administrator rights!
14:53:55  [main] 	XAMPP Installation Directory: "e:\xampp\"
14:53:55  [main] 	Checking for prerequisites
14:54:27  [main] 	All prerequisites found
14:54:27  [main] 	Initializing Modules
14:54:27  [main] 	Enabling autostart for module "Apache"
14:54:27  [main] 	Enabling autostart for module "MySQL"
14:54:27  [main] 	Enabling autostart for module "FileZilla"
14:54:27  [main] 	Starting Check-Timer
14:54:27  [main] 	Control Panel Ready
14:54:28  [Apache] 	Autostart active: starting...
14:54:28  [Apache] 	Attempting to start Apache app...
14:54:28  [mysql] 	Autostart active: starting...
14:54:28  [mysql] 	Attempting to start MySQL app...
14:54:32  [filezilla] 	Autostart active: starting...
14:54:32  [filezilla] 	Attempting to start FileZilla app...
14:54:33  [Apache] 	Status change detected: running
14:54:33  [mysql] 	Status change detected: running
14:54:33  [filezilla] 	Status change detected: running
15:25:08  [Apache] 	Status change detected: stopped
15:25:08  [Apache] 	Error: Apache shutdown unexpectedly.
15:25:08  [Apache] 	This may be due to a blocked port, missing dependencies, 
15:25:08  [Apache] 	improper privileges, a crash, or a shutdown by another method.
15:25:08  [Apache] 	Press the Logs button to view error logs and check
15:25:08  [Apache] 	the Windows Event Viewer for more clues
15:25:08  [Apache] 	If you need more help, copy and post this
15:25:08  [Apache] 	entire log window on the forums
15:25:08  [mysql] 	Status change detected: stopped
15:25:08  [mysql] 	Error: MySQL shutdown unexpectedly.
15:25:08  [mysql] 	This may be due to a blocked port, missing dependencies, 
15:25:08  [mysql] 	improper privileges, a crash, or a shutdown by another method.
15:25:08  [mysql] 	Press the Logs button to view error logs and check
15:25:08  [mysql] 	the Windows Event Viewer for more clues
15:25:08  [mysql] 	If you need more help, copy and post this
15:25:08  [mysql] 	entire log window on the forums
15:25:08  [filezilla] 	Status change detected: stopped
15:25:08  [filezilla] 	Error: FileZilla shutdown unexpectedly.
15:25:08  [filezilla] 	This may be due to a blocked port, missing dependencies, 
15:25:08  [filezilla] 	improper privileges, a crash, or a shutdown by another method.
15:25:08  [filezilla] 	Press the Logs button to view error logs and check
15:25:08  [filezilla] 	the Windows Event Viewer for more clues
15:25:08  [filezilla] 	If you need more help, copy and post this
15:25:08  [filezilla] 	entire log window on the forums
15:25:08  [main] 	Deinitializing Modules
15:25:08  [main] 	Deinitializing Control Panel

16:50:02  [main] 	Initializing Control Panel
16:50:03  [main] 	Windows Version: Windows 8  64-bit
16:50:03  [main] 	XAMPP Version: 5.6.3
16:50:03  [main] 	Control Panel Version: 3.2.1  [ Compiled: May 7th 2013 ]
16:50:03  [main] 	You are not running with administrator rights! This will work for
16:50:03  [main] 	most application stuff but whenever you do something with services
16:50:03  [main] 	there will be a security dialogue or things will break! So think 
16:50:03  [main] 	about running this application with administrator rights!
16:50:03  [main] 	XAMPP Installation Directory: "e:\xampp\"
16:50:03  [main] 	Checking for prerequisites
16:50:16  [main] 	All prerequisites found
16:50:16  [main] 	Initializing Modules
16:50:16  [main] 	Enabling autostart for module "Apache"
16:50:16  [main] 	Enabling autostart for module "MySQL"
16:50:16  [main] 	Enabling autostart for module "FileZilla"
16:50:16  [main] 	Starting Check-Timer
16:50:16  [main] 	Control Panel Ready
16:50:17  [Apache] 	Autostart active: starting...
16:50:17  [Apache] 	Attempting to start Apache app...
16:50:17  [mysql] 	Autostart active: starting...
16:50:17  [mysql] 	Attempting to start MySQL app...
16:50:18  [filezilla] 	Autostart active: starting...
16:50:18  [filezilla] 	Attempting to start FileZilla app...
16:50:18  [Apache] 	Status change detected: running
16:50:18  [mysql] 	Status change detected: running
16:50:18  [filezilla] 	Status change detected: running
00:20:59  [mysql] 	Status change detected: stopped
00:21:00  [mysql] 	Error: MySQL shutdown unexpectedly.
00:21:00  [mysql] 	This may be due to a blocked port, missing dependencies, 
00:21:00  [mysql] 	improper privileges, a crash, or a shutdown by another method.
00:21:00  [mysql] 	Press the Logs button to view error logs and check
00:21:01  [mysql] 	the Windows Event Viewer for more clues
00:21:01  [mysql] 	If you need more help, copy and post this
00:21:01  [mysql] 	entire log window on the forums
00:21:09  [filezilla] 	Status change detected: stopped
00:21:09  [filezilla] 	Error: FileZilla shutdown unexpectedly.
00:21:09  [filezilla] 	This may be due to a blocked port, missing dependencies, 
00:21:09  [filezilla] 	improper privileges, a crash, or a shutdown by another method.
00:21:09  [filezilla] 	Press the Logs button to view error logs and check
00:21:09  [filezilla] 	the Windows Event Viewer for more clues
00:21:09  [filezilla] 	If you need more help, copy and post this
00:21:09  [filezilla] 	entire log window on the forums
00:21:10  [Apache] 	Status change detected: stopped
00:21:10  [Apache] 	Error: Apache shutdown unexpectedly.
00:21:10  [Apache] 	This may be due to a blocked port, missing dependencies, 
00:21:10  [Apache] 	improper privileges, a crash, or a shutdown by another method.
00:21:10  [Apache] 	Press the Logs button to view error logs and check
00:21:10  [Apache] 	the Windows Event Viewer for more clues
00:21:10  [Apache] 	If you need more help, copy and post this
00:21:10  [Apache] 	entire log window on the forums
00:21:11  [main] 	Deinitializing Modules
00:21:11  [main] 	Deinitializing Control Panel

22:20:30  [main] 	Initializing Control Panel
22:20:30  [main] 	Windows Version: Windows 8  64-bit
22:20:30  [main] 	XAMPP Version: 5.6.3
22:20:30  [main] 	Control Panel Version: 3.2.1  [ Compiled: May 7th 2013 ]
22:20:30  [main] 	You are not running with administrator rights! This will work for
22:20:30  [main] 	most application stuff but whenever you do something with services
22:20:30  [main] 	there will be a security dialogue or things will break! So think 
22:20:30  [main] 	about running this application with administrator rights!
22:20:30  [main] 	XAMPP Installation Directory: "e:\xampp\"
22:20:30  [main] 	Checking for prerequisites
22:21:01  [main] 	All prerequisites found
22:21:01  [main] 	Initializing Modules
22:21:01  [main] 	Enabling autostart for module "Apache"
22:21:01  [main] 	Enabling autostart for module "MySQL"
22:21:01  [main] 	Enabling autostart for module "FileZilla"
22:21:01  [main] 	Starting Check-Timer
22:21:01  [main] 	Control Panel Ready
22:21:01  [Apache] 	Autostart active: starting...
22:21:01  [Apache] 	Attempting to start Apache app...
22:21:02  [mysql] 	Autostart active: starting...
22:21:02  [mysql] 	Attempting to start MySQL app...
22:21:03  [filezilla] 	Autostart active: starting...
22:21:03  [filezilla] 	Attempting to start FileZilla app...
22:21:04  [Apache] 	Status change detected: running
22:21:04  [mysql] 	Status change detected: running
22:21:04  [filezilla] 	Status change detected: running
23:55:51  [mysql] 	Status change detected: stopped
23:56:00  [mysql] 	Error: MySQL shutdown unexpectedly.
23:56:00  [mysql] 	This may be due to a blocked port, missing dependencies, 
23:56:00  [mysql] 	improper privileges, a crash, or a shutdown by another method.
23:56:02  [mysql] 	Press the Logs button to view error logs and check
23:56:02  [mysql] 	the Windows Event Viewer for more clues
23:56:02  [mysql] 	If you need more help, copy and post this
23:56:02  [mysql] 	entire log window on the forums
23:56:02  [filezilla] 	Status change detected: stopped
23:56:02  [filezilla] 	Error: FileZilla shutdown unexpectedly.
23:56:02  [filezilla] 	This may be due to a blocked port, missing dependencies, 
23:56:02  [filezilla] 	improper privileges, a crash, or a shutdown by another method.
23:56:02  [filezilla] 	Press the Logs button to view error logs and check
23:56:02  [filezilla] 	the Windows Event Viewer for more clues
23:56:02  [filezilla] 	If you need more help, copy and post this
23:56:02  [filezilla] 	entire log window on the forums
23:56:03  [Apache] 	Status change detected: stopped
23:56:03  [Apache] 	Error: Apache shutdown unexpectedly.
23:56:03  [Apache] 	This may be due to a blocked port, missing dependencies, 
23:56:03  [Apache] 	improper privileges, a crash, or a shutdown by another method.
23:56:03  [Apache] 	Press the Logs button to view error logs and check
23:56:03  [Apache] 	the Windows Event Viewer for more clues
23:56:03  [Apache] 	If you need more help, copy and post this
23:56:03  [Apache] 	entire log window on the forums
23:56:04  [main] 	Deinitializing Modules
23:56:04  [main] 	Deinitializing Control Panel

09:26:31  [main] 	Initializing Control Panel
09:26:31  [main] 	Windows Version: Windows 8  64-bit
09:26:31  [main] 	XAMPP Version: 5.6.3
09:26:31  [main] 	Control Panel Version: 3.2.1  [ Compiled: May 7th 2013 ]
09:26:31  [main] 	You are not running with administrator rights! This will work for
09:26:31  [main] 	most application stuff but whenever you do something with services
09:26:31  [main] 	there will be a security dialogue or things will break! So think 
09:26:31  [main] 	about running this application with administrator rights!
09:26:31  [main] 	XAMPP Installation Directory: "e:\xampp\"
09:26:31  [main] 	Checking for prerequisites
09:26:53  [main] 	All prerequisites found
09:26:53  [main] 	Initializing Modules
09:26:53  [main] 	Enabling autostart for module "Apache"
09:26:53  [main] 	Enabling autostart for module "MySQL"
09:26:53  [main] 	Enabling autostart for module "FileZilla"
09:26:53  [main] 	Starting Check-Timer
09:26:53  [main] 	Control Panel Ready
09:26:54  [Apache] 	Autostart active: starting...
09:26:54  [Apache] 	Attempting to start Apache app...
09:26:54  [mysql] 	Autostart active: starting...
09:26:54  [mysql] 	Attempting to start MySQL app...
09:26:56  [filezilla] 	Autostart active: starting...
09:26:56  [filezilla] 	Attempting to start FileZilla app...
09:26:56  [Apache] 	Status change detected: running
09:26:56  [mysql] 	Status change detected: running
09:26:56  [filezilla] 	Status change detected: running
11:51:34  [mysql] 	Status change detected: stopped
11:51:35  [mysql] 	Error: MySQL shutdown unexpectedly.
11:51:35  [mysql] 	This may be due to a blocked port, missing dependencies, 
11:51:35  [mysql] 	improper privileges, a crash, or a shutdown by another method.
11:51:35  [mysql] 	Press the Logs button to view error logs and check
11:51:35  [mysql] 	the Windows Event Viewer for more clues
11:51:35  [mysql] 	If you need more help, copy and post this
11:51:35  [mysql] 	entire log window on the forums
11:51:35  [filezilla] 	Status change detected: stopped
11:51:35  [filezilla] 	Error: FileZilla shutdown unexpectedly.
11:51:35  [filezilla] 	This may be due to a blocked port, missing dependencies, 
11:51:35  [filezilla] 	improper privileges, a crash, or a shutdown by another method.
11:51:35  [filezilla] 	Press the Logs button to view error logs and check
11:51:35  [filezilla] 	the Windows Event Viewer for more clues
11:51:35  [filezilla] 	If you need more help, copy and post this
11:51:35  [filezilla] 	entire log window on the forums
11:51:35  [Apache] 	Status change detected: stopped
11:51:35  [Apache] 	Error: Apache shutdown unexpectedly.
11:51:35  [Apache] 	This may be due to a blocked port, missing dependencies, 
11:51:35  [Apache] 	improper privileges, a crash, or a shutdown by another method.
11:51:35  [Apache] 	Press the Logs button to view error logs and check
11:51:35  [Apache] 	the Windows Event Viewer for more clues
11:51:35  [Apache] 	If you need more help, copy and post this
11:51:35  [Apache] 	entire log window on the forums
11:51:37  [main] 	Deinitializing Modules
11:51:37  [main] 	Deinitializing Control Panel

12:49:49  [main] 	Initializing Control Panel
12:49:49  [main] 	Windows Version: Windows 8  64-bit
12:49:49  [main] 	XAMPP Version: 5.6.3
12:49:49  [main] 	Control Panel Version: 3.2.1  [ Compiled: May 7th 2013 ]
12:49:49  [main] 	You are not running with administrator rights! This will work for
12:49:49  [main] 	most application stuff but whenever you do something with services
12:49:49  [main] 	there will be a security dialogue or things will break! So think 
12:49:49  [main] 	about running this application with administrator rights!
12:49:49  [main] 	XAMPP Installation Directory: "e:\xampp\"
12:49:49  [main] 	Checking for prerequisites
12:51:21  [main] 	All prerequisites found
12:51:21  [main] 	Initializing Modules
12:51:21  [main] 	Enabling autostart for module "Apache"
12:51:21  [main] 	Enabling autostart for module "MySQL"
12:51:21  [main] 	Enabling autostart for module "FileZilla"
12:51:21  [main] 	Starting Check-Timer
12:51:21  [main] 	Control Panel Ready
12:51:21  [Apache] 	Autostart active: starting...
12:51:21  [Apache] 	Attempting to start Apache app...
12:51:21  [mysql] 	Autostart active: starting...
12:51:21  [mysql] 	Attempting to start MySQL app...
12:51:23  [filezilla] 	Autostart active: starting...
12:51:23  [filezilla] 	Attempting to start FileZilla app...
12:51:23  [Apache] 	Status change detected: running
12:51:23  [mysql] 	Status change detected: running
12:51:23  [filezilla] 	Status change detected: running
16:11:25  [main] 	Deinitializing Modules
16:11:25  [main] 	Deinitializing Control Panel

15:15:30  [main] 	Initializing Control Panel
15:15:30  [main] 	Windows Version: Windows 8  64-bit
15:15:30  [main] 	XAMPP Version: 5.6.3
15:15:30  [main] 	Control Panel Version: 3.2.1  [ Compiled: May 7th 2013 ]
15:15:30  [main] 	You are not running with administrator rights! This will work for
15:15:30  [main] 	most application stuff but whenever you do something with services
15:15:30  [main] 	there will be a security dialogue or things will break! So think 
15:15:30  [main] 	about running this application with administrator rights!
15:15:30  [main] 	XAMPP Installation Directory: "e:\xampp\"
15:15:30  [main] 	Checking for prerequisites
15:15:55  [main] 	All prerequisites found
15:15:55  [main] 	Initializing Modules
15:15:55  [main] 	Enabling autostart for module "Apache"
15:15:55  [main] 	Enabling autostart for module "MySQL"
15:15:55  [main] 	Enabling autostart for module "FileZilla"
15:15:55  [main] 	Starting Check-Timer
15:15:55  [main] 	Control Panel Ready
15:15:56  [Apache] 	Autostart active: starting...
15:15:56  [Apache] 	Attempting to start Apache app...
15:15:56  [mysql] 	Autostart active: starting...
15:15:56  [mysql] 	Attempting to start MySQL app...
15:15:58  [filezilla] 	Autostart active: starting...
15:15:58  [filezilla] 	Attempting to start FileZilla app...
15:15:58  [Apache] 	Status change detected: running
15:15:58  [mysql] 	Status change detected: running
15:15:58  [filezilla] 	Status change detected: running
17:38:04  [mysql] 	Status change detected: stopped
17:38:04  [mysql] 	Error: MySQL shutdown unexpectedly.
17:38:04  [mysql] 	This may be due to a blocked port, missing dependencies, 
17:38:04  [mysql] 	improper privileges, a crash, or a shutdown by another method.
17:38:04  [mysql] 	Press the Logs button to view error logs and check
17:38:04  [mysql] 	the Windows Event Viewer for more clues
17:38:04  [mysql] 	If you need more help, copy and post this
17:38:04  [mysql] 	entire log window on the forums
17:38:05  [main] 	Deinitializing Modules
17:38:05  [main] 	Deinitializing Control Panel

14:29:50  [main] 	Initializing Control Panel
14:29:50  [main] 	Windows Version: Windows 8  64-bit
14:29:50  [main] 	XAMPP Version: 5.6.3
14:29:50  [main] 	Control Panel Version: 3.2.1  [ Compiled: May 7th 2013 ]
14:29:50  [main] 	You are not running with administrator rights! This will work for
14:29:50  [main] 	most application stuff but whenever you do something with services
14:29:50  [main] 	there will be a security dialogue or things will break! So think 
14:29:50  [main] 	about running this application with administrator rights!
14:29:50  [main] 	XAMPP Installation Directory: "e:\xampp\"
14:29:50  [main] 	Checking for prerequisites
14:30:31  [main] 	All prerequisites found
14:30:31  [main] 	Initializing Modules
14:30:31  [main] 	Enabling autostart for module "Apache"
14:30:31  [main] 	Enabling autostart for module "MySQL"
14:30:31  [main] 	Enabling autostart for module "FileZilla"
14:30:31  [main] 	Starting Check-Timer
14:30:31  [main] 	Control Panel Ready
14:30:32  [Apache] 	Autostart active: starting...
14:30:32  [Apache] 	Attempting to start Apache app...
14:30:32  [mysql] 	Autostart active: starting...
14:30:32  [mysql] 	Attempting to start MySQL app...
14:30:34  [filezilla] 	Autostart active: starting...
14:30:34  [filezilla] 	Attempting to start FileZilla app...
14:30:34  [Apache] 	Status change detected: running
14:30:34  [mysql] 	Status change detected: running
14:30:34  [filezilla] 	Status change detected: running
15:10:34  [filezilla] 	Attempting to stop FileZilla app...
15:10:34  [mysql] 	Attempting to stop MySQL (PID: 8868)
15:10:34  [mysql] 	Status change detected: stopped
15:10:34  [filezilla] 	Status change detected: stopped
15:10:34  [Apache] 	Attempting to stop Apache (PID: 8776)
15:10:35  [Apache] 	Attempting to stop Apache (PID: 8368)
15:10:35  [Apache] 	Status change detected: stopped
15:10:41  [main] 	Deinitializing Modules
15:10:41  [main] 	Deinitializing Control Panel

18:46:23  [main] 	Initializing Control Panel
18:46:23  [main] 	Windows Version: Windows 8  64-bit
18:46:23  [main] 	XAMPP Version: 5.6.3
18:46:23  [main] 	Control Panel Version: 3.2.1  [ Compiled: May 7th 2013 ]
18:46:23  [main] 	You are not running with administrator rights! This will work for
18:46:23  [main] 	most application stuff but whenever you do something with services
18:46:23  [main] 	there will be a security dialogue or things will break! So think 
18:46:23  [main] 	about running this application with administrator rights!
18:46:23  [main] 	XAMPP Installation Directory: "e:\xampp\"
18:46:23  [main] 	Checking for prerequisites
18:46:56  [main] 	All prerequisites found
18:46:56  [main] 	Initializing Modules
18:46:56  [main] 	Enabling autostart for module "Apache"
18:46:56  [main] 	Enabling autostart for module "MySQL"
18:46:56  [main] 	Enabling autostart for module "FileZilla"
18:46:56  [main] 	Starting Check-Timer
18:46:56  [main] 	Control Panel Ready
18:46:57  [Apache] 	Autostart active: starting...
18:46:57  [Apache] 	Attempting to start Apache app...
18:46:57  [mysql] 	Autostart active: starting...
18:46:57  [mysql] 	Attempting to start MySQL app...
18:46:58  [filezilla] 	Autostart active: starting...
18:46:58  [filezilla] 	Attempting to start FileZilla app...
18:46:58  [Apache] 	Status change detected: running
18:46:58  [mysql] 	Status change detected: running
18:46:58  [filezilla] 	Status change detected: running
19:27:38  [Apache] 	Status change detected: stopped
19:27:38  [Apache] 	Error: Apache shutdown unexpectedly.
19:27:38  [Apache] 	This may be due to a blocked port, missing dependencies, 
19:27:39  [Apache] 	improper privileges, a crash, or a shutdown by another method.
19:27:42  [Apache] 	Press the Logs button to view error logs and check
19:27:42  [Apache] 	the Windows Event Viewer for more clues
19:27:42  [Apache] 	If you need more help, copy and post this
19:27:42  [Apache] 	entire log window on the forums
19:27:42  [mysql] 	Status change detected: stopped
19:27:42  [mysql] 	Error: MySQL shutdown unexpectedly.
19:27:42  [mysql] 	This may be due to a blocked port, missing dependencies, 
19:27:42  [mysql] 	improper privileges, a crash, or a shutdown by another method.
19:27:42  [mysql] 	Press the Logs button to view error logs and check
19:27:42  [mysql] 	the Windows Event Viewer for more clues
19:27:42  [mysql] 	If you need more help, copy and post this
19:27:42  [mysql] 	entire log window on the forums
19:27:43  [main] 	Deinitializing Modules
19:27:43  [main] 	Deinitializing Control Panel

19:52:16  [main] 	Initializing Control Panel
19:52:16  [main] 	Windows Version: Windows 8  64-bit
19:52:16  [main] 	XAMPP Version: 5.6.3
19:52:16  [main] 	Control Panel Version: 3.2.1  [ Compiled: May 7th 2013 ]
19:52:16  [main] 	You are not running with administrator rights! This will work for
19:52:16  [main] 	most application stuff but whenever you do something with services
19:52:16  [main] 	there will be a security dialogue or things will break! So think 
19:52:16  [main] 	about running this application with administrator rights!
19:52:16  [main] 	XAMPP Installation Directory: "e:\xampp\"
19:52:16  [main] 	Checking for prerequisites
19:52:47  [main] 	All prerequisites found
19:52:47  [main] 	Initializing Modules
19:52:47  [main] 	Enabling autostart for module "Apache"
19:52:47  [main] 	Enabling autostart for module "MySQL"
19:52:47  [main] 	Enabling autostart for module "FileZilla"
19:52:47  [main] 	Starting Check-Timer
19:52:47  [main] 	Control Panel Ready
19:52:47  [Apache] 	Autostart active: starting...
19:52:47  [Apache] 	Attempting to start Apache app...
19:52:47  [mysql] 	Autostart active: starting...
19:52:47  [mysql] 	Attempting to start MySQL app...
19:52:49  [filezilla] 	Autostart active: starting...
19:52:49  [filezilla] 	Attempting to start FileZilla app...
19:52:49  [Apache] 	Status change detected: running
19:52:49  [mysql] 	Status change detected: running
19:52:49  [filezilla] 	Status change detected: running
00:26:45  [mysql] 	Status change detected: stopped
00:26:45  [mysql] 	Error: MySQL shutdown unexpectedly.
00:26:45  [mysql] 	This may be due to a blocked port, missing dependencies, 
00:26:45  [mysql] 	improper privileges, a crash, or a shutdown by another method.
00:26:45  [mysql] 	Press the Logs button to view error logs and check
00:26:45  [mysql] 	the Windows Event Viewer for more clues
00:26:45  [mysql] 	If you need more help, copy and post this
00:26:45  [mysql] 	entire log window on the forums
00:26:45  [filezilla] 	Status change detected: stopped
00:26:45  [filezilla] 	Error: FileZilla shutdown unexpectedly.
00:26:45  [filezilla] 	This may be due to a blocked port, missing dependencies, 
00:26:45  [filezilla] 	improper privileges, a crash, or a shutdown by another method.
00:26:45  [filezilla] 	Press the Logs button to view error logs and check
00:26:45  [filezilla] 	the Windows Event Viewer for more clues
00:26:45  [filezilla] 	If you need more help, copy and post this
00:26:45  [filezilla] 	entire log window on the forums
00:26:47  [Apache] 	Status change detected: stopped
00:26:47  [Apache] 	Error: Apache shutdown unexpectedly.
00:26:47  [Apache] 	This may be due to a blocked port, missing dependencies, 
00:26:47  [Apache] 	improper privileges, a crash, or a shutdown by another method.
00:26:47  [Apache] 	Press the Logs button to view error logs and check
00:26:47  [Apache] 	the Windows Event Viewer for more clues
00:26:47  [Apache] 	If you need more help, copy and post this
00:26:47  [Apache] 	entire log window on the forums
00:26:48  [main] 	Deinitializing Modules
00:26:48  [main] 	Deinitializing Control Panel

11:19:08  [main] 	Initializing Control Panel
11:19:08  [main] 	Windows Version: Windows 8  64-bit
11:19:08  [main] 	XAMPP Version: 5.6.3
11:19:08  [main] 	Control Panel Version: 3.2.1  [ Compiled: May 7th 2013 ]
11:19:08  [main] 	You are not running with administrator rights! This will work for
11:19:08  [main] 	most application stuff but whenever you do something with services
11:19:08  [main] 	there will be a security dialogue or things will break! So think 
11:19:08  [main] 	about running this application with administrator rights!
11:19:08  [main] 	XAMPP Installation Directory: "e:\xampp\"
11:19:08  [main] 	Checking for prerequisites
11:19:35  [main] 	All prerequisites found
11:19:35  [main] 	Initializing Modules
11:19:35  [main] 	Enabling autostart for module "Apache"
11:19:35  [main] 	Enabling autostart for module "MySQL"
11:19:35  [main] 	Enabling autostart for module "FileZilla"
11:19:35  [main] 	Starting Check-Timer
11:19:35  [main] 	Control Panel Ready
11:19:35  [Apache] 	Autostart active: starting...
11:19:35  [Apache] 	Attempting to start Apache app...
11:19:36  [mysql] 	Autostart active: starting...
11:19:36  [mysql] 	Attempting to start MySQL app...
11:19:38  [filezilla] 	Autostart active: starting...
11:19:38  [filezilla] 	Attempting to start FileZilla app...
11:19:40  [Apache] 	Status change detected: running
11:19:40  [mysql] 	Status change detected: running
11:19:40  [filezilla] 	Status change detected: running
12:16:52  [Apache] 	Status change detected: stopped
12:16:52  [Apache] 	Error: Apache shutdown unexpectedly.
12:16:52  [Apache] 	This may be due to a blocked port, missing dependencies, 
12:16:52  [Apache] 	improper privileges, a crash, or a shutdown by another method.
12:16:52  [Apache] 	Press the Logs button to view error logs and check
12:16:52  [Apache] 	the Windows Event Viewer for more clues
12:16:52  [Apache] 	If you need more help, copy and post this
12:16:52  [Apache] 	entire log window on the forums
12:16:52  [mysql] 	Status change detected: stopped
12:16:52  [mysql] 	Error: MySQL shutdown unexpectedly.
12:16:52  [mysql] 	This may be due to a blocked port, missing dependencies, 
12:16:52  [mysql] 	improper privileges, a crash, or a shutdown by another method.
12:16:52  [mysql] 	Press the Logs button to view error logs and check
12:16:52  [mysql] 	the Windows Event Viewer for more clues
12:16:52  [mysql] 	If you need more help, copy and post this
12:16:52  [mysql] 	entire log window on the forums
12:16:52  [filezilla] 	Status change detected: stopped
12:16:52  [filezilla] 	Error: FileZilla shutdown unexpectedly.
12:16:52  [filezilla] 	This may be due to a blocked port, missing dependencies, 
12:16:52  [filezilla] 	improper privileges, a crash, or a shutdown by another method.
12:16:52  [filezilla] 	Press the Logs button to view error logs and check
12:16:52  [filezilla] 	the Windows Event Viewer for more clues
12:16:52  [filezilla] 	If you need more help, copy and post this
12:16:52  [filezilla] 	entire log window on the forums
12:16:52  [main] 	Deinitializing Modules
12:16:52  [main] 	Deinitializing Control Panel

13:19:07  [main] 	Initializing Control Panel
13:19:07  [main] 	Windows Version: Windows 8  64-bit
13:19:07  [main] 	XAMPP Version: 5.6.3
13:19:07  [main] 	Control Panel Version: 3.2.1  [ Compiled: May 7th 2013 ]
13:19:07  [main] 	You are not running with administrator rights! This will work for
13:19:07  [main] 	most application stuff but whenever you do something with services
13:19:07  [main] 	there will be a security dialogue or things will break! So think 
13:19:07  [main] 	about running this application with administrator rights!
13:19:07  [main] 	XAMPP Installation Directory: "e:\xampp\"
13:19:07  [main] 	Checking for prerequisites
13:20:02  [main] 	All prerequisites found
13:20:02  [main] 	Initializing Modules
13:20:02  [main] 	Enabling autostart for module "Apache"
13:20:02  [main] 	Enabling autostart for module "MySQL"
13:20:02  [main] 	Enabling autostart for module "FileZilla"
13:20:02  [main] 	Starting Check-Timer
13:20:02  [main] 	Control Panel Ready
13:20:04  [Apache] 	Autostart active: starting...
13:20:04  [Apache] 	Attempting to start Apache app...
13:20:04  [mysql] 	Autostart active: starting...
13:20:04  [mysql] 	Attempting to start MySQL app...
13:20:06  [filezilla] 	Autostart active: starting...
13:20:06  [filezilla] 	Attempting to start FileZilla app...
13:20:06  [Apache] 	Status change detected: running
13:20:06  [mysql] 	Status change detected: running
13:20:06  [filezilla] 	Status change detected: running
13:20:28  [main] 	Deinitializing Modules
13:20:28  [main] 	Deinitializing Control Panel

13:50:12  [main] 	Initializing Control Panel
13:50:12  [main] 	Windows Version: Windows 8  64-bit
13:50:12  [main] 	XAMPP Version: 5.6.3
13:50:12  [main] 	Control Panel Version: 3.2.1  [ Compiled: May 7th 2013 ]
13:50:12  [main] 	You are not running with administrator rights! This will work for
13:50:12  [main] 	most application stuff but whenever you do something with services
13:50:12  [main] 	there will be a security dialogue or things will break! So think 
13:50:12  [main] 	about running this application with administrator rights!
13:50:12  [main] 	XAMPP Installation Directory: "e:\xampp\"
13:50:12  [main] 	Checking for prerequisites
13:51:04  [main] 	All prerequisites found
13:51:04  [main] 	Initializing Modules
13:51:04  [main] 	Enabling autostart for module "Apache"
13:51:04  [main] 	Enabling autostart for module "MySQL"
13:51:04  [main] 	Enabling autostart for module "FileZilla"
13:51:04  [main] 	Starting Check-Timer
13:51:04  [main] 	Control Panel Ready
13:51:05  [Apache] 	Autostart active: starting...
13:51:05  [Apache] 	Attempting to start Apache app...
13:51:05  [mysql] 	Autostart active: starting...
13:51:05  [mysql] 	Attempting to start MySQL app...
13:51:05  [filezilla] 	Autostart active: starting...
13:51:05  [filezilla] 	Attempting to start FileZilla app...
13:51:05  [Apache] 	Status change detected: running
13:51:06  [mysql] 	Status change detected: running
13:51:06  [filezilla] 	Status change detected: running
20:43:49  [filezilla] 	Attempting to stop FileZilla app...
20:43:49  [mysql] 	Attempting to stop MySQL (PID: 1992)
20:43:49  [Apache] 	Attempting to stop Apache (PID: 3040)
20:43:49  [Apache] 	Attempting to stop Apache (PID: 1832)
20:43:50  [Apache] 	Status change detected: stopped
20:43:50  [mysql] 	Status change detected: stopped
20:43:50  [filezilla] 	Status change detected: stopped
20:44:02  [main] 	Deinitializing Modules
20:44:02  [main] 	Deinitializing Control Panel

13:35:38  [main] 	Initializing Control Panel
13:35:38  [main] 	Windows Version: Windows 8  64-bit
13:35:38  [main] 	XAMPP Version: 5.6.3
13:35:38  [main] 	Control Panel Version: 3.2.1  [ Compiled: May 7th 2013 ]
13:35:38  [main] 	You are not running with administrator rights! This will work for
13:35:38  [main] 	most application stuff but whenever you do something with services
13:35:38  [main] 	there will be a security dialogue or things will break! So think 
13:35:38  [main] 	about running this application with administrator rights!
13:35:38  [main] 	XAMPP Installation Directory: "e:\xampp\"
13:35:38  [main] 	Checking for prerequisites
13:36:15  [main] 	All prerequisites found
13:36:15  [main] 	Initializing Modules
13:36:15  [main] 	Enabling autostart for module "Apache"
13:36:15  [main] 	Enabling autostart for module "MySQL"
13:36:15  [main] 	Enabling autostart for module "FileZilla"
13:36:15  [main] 	Starting Check-Timer
13:36:15  [main] 	Control Panel Ready
13:36:16  [Apache] 	Autostart active: starting...
13:36:16  [Apache] 	Attempting to start Apache app...
13:36:16  [mysql] 	Autostart active: starting...
13:36:16  [mysql] 	Attempting to start MySQL app...
13:36:17  [filezilla] 	Autostart active: starting...
13:36:17  [filezilla] 	Attempting to start FileZilla app...
13:36:17  [Apache] 	Status change detected: running
13:36:17  [mysql] 	Status change detected: running
13:36:17  [filezilla] 	Status change detected: running
14:27:44  [mysql] 	Attempting to stop MySQL (PID: 32540)
14:27:46  [mysql] 	Status change detected: stopped
16:33:09  [Apache] 	Status change detected: stopped
16:33:09  [Apache] 	Error: Apache shutdown unexpectedly.
16:33:09  [Apache] 	This may be due to a blocked port, missing dependencies, 
16:33:09  [Apache] 	improper privileges, a crash, or a shutdown by another method.
16:33:09  [Apache] 	Press the Logs button to view error logs and check
16:33:09  [Apache] 	the Windows Event Viewer for more clues
16:33:09  [Apache] 	If you need more help, copy and post this
16:33:09  [Apache] 	entire log window on the forums
16:33:10  [filezilla] 	Status change detected: stopped
16:33:10  [filezilla] 	Error: FileZilla shutdown unexpectedly.
16:33:10  [filezilla] 	This may be due to a blocked port, missing dependencies, 
16:33:10  [filezilla] 	improper privileges, a crash, or a shutdown by another method.
16:33:10  [filezilla] 	Press the Logs button to view error logs and check
16:33:10  [filezilla] 	the Windows Event Viewer for more clues
16:33:10  [filezilla] 	If you need more help, copy and post this
16:33:10  [filezilla] 	entire log window on the forums
16:33:10  [main] 	Deinitializing Modules
16:33:10  [main] 	Deinitializing Control Panel

17:13:28  [main] 	Initializing Control Panel
17:13:28  [main] 	Windows Version: Windows 8  64-bit
17:13:28  [main] 	XAMPP Version: 5.6.3
17:13:28  [main] 	Control Panel Version: 3.2.1  [ Compiled: May 7th 2013 ]
17:13:28  [main] 	You are not running with administrator rights! This will work for
17:13:28  [main] 	most application stuff but whenever you do something with services
17:13:28  [main] 	there will be a security dialogue or things will break! So think 
17:13:28  [main] 	about running this application with administrator rights!
17:13:28  [main] 	XAMPP Installation Directory: "e:\xampp\"
17:13:28  [main] 	Checking for prerequisites
17:14:47  [main] 	All prerequisites found
17:14:47  [main] 	Initializing Modules
17:14:47  [main] 	Enabling autostart for module "Apache"
17:14:47  [main] 	Enabling autostart for module "MySQL"
17:14:47  [main] 	Enabling autostart for module "FileZilla"
17:14:47  [main] 	Starting Check-Timer
17:14:47  [main] 	Control Panel Ready
17:14:47  [Apache] 	Autostart active: starting...
17:14:47  [Apache] 	Attempting to start Apache app...
17:14:47  [mysql] 	Autostart active: starting...
17:14:47  [mysql] 	Attempting to start MySQL app...
17:14:47  [filezilla] 	Autostart active: starting...
17:14:47  [filezilla] 	Attempting to start FileZilla app...
17:14:48  [Apache] 	Status change detected: running
17:14:48  [mysql] 	Status change detected: running
17:14:48  [filezilla] 	Status change detected: running
20:57:00  [main] 	Deinitializing Modules
20:57:00  [main] 	Deinitializing Control Panel

00:58:05  [main] 	Initializing Control Panel
00:58:05  [main] 	Windows Version: Windows 8  64-bit
00:58:05  [main] 	XAMPP Version: 5.6.3
00:58:05  [main] 	Control Panel Version: 3.2.1  [ Compiled: May 7th 2013 ]
00:58:05  [main] 	You are not running with administrator rights! This will work for
00:58:05  [main] 	most application stuff but whenever you do something with services
00:58:05  [main] 	there will be a security dialogue or things will break! So think 
00:58:05  [main] 	about running this application with administrator rights!
00:58:05  [main] 	XAMPP Installation Directory: "e:\xampp\"
00:58:05  [main] 	Checking for prerequisites
00:58:35  [main] 	All prerequisites found
00:58:35  [main] 	Initializing Modules
00:58:35  [main] 	Enabling autostart for module "Apache"
00:58:35  [main] 	Enabling autostart for module "MySQL"
00:58:35  [main] 	Enabling autostart for module "FileZilla"
00:58:35  [main] 	Starting Check-Timer
00:58:35  [main] 	Control Panel Ready
00:58:36  [Apache] 	Autostart active: starting...
00:58:36  [Apache] 	Attempting to start Apache app...
00:58:36  [mysql] 	Autostart active: starting...
00:58:36  [mysql] 	Attempting to start MySQL app...
00:58:36  [filezilla] 	Autostart active: starting...
00:58:36  [filezilla] 	Attempting to start FileZilla app...
00:58:36  [Apache] 	Status change detected: running
00:58:36  [mysql] 	Status change detected: running
00:58:36  [filezilla] 	Status change detected: running
01:59:58  [Apache] 	Status change detected: stopped
01:59:58  [Apache] 	Error: Apache shutdown unexpectedly.
01:59:58  [Apache] 	This may be due to a blocked port, missing dependencies, 
01:59:58  [Apache] 	improper privileges, a crash, or a shutdown by another method.
01:59:58  [Apache] 	Press the Logs button to view error logs and check
01:59:58  [Apache] 	the Windows Event Viewer for more clues
01:59:58  [Apache] 	If you need more help, copy and post this
01:59:58  [Apache] 	entire log window on the forums
01:59:58  [main] 	Deinitializing Modules
01:59:58  [main] 	Deinitializing Control Panel

11:42:25  [main] 	Initializing Control Panel
11:42:25  [main] 	Windows Version: Windows 8  64-bit
11:42:25  [main] 	XAMPP Version: 5.6.3
11:42:25  [main] 	Control Panel Version: 3.2.1  [ Compiled: May 7th 2013 ]
11:42:25  [main] 	You are not running with administrator rights! This will work for
11:42:25  [main] 	most application stuff but whenever you do something with services
11:42:25  [main] 	there will be a security dialogue or things will break! So think 
11:42:25  [main] 	about running this application with administrator rights!
11:42:25  [main] 	XAMPP Installation Directory: "e:\xampp\"
11:42:25  [main] 	Checking for prerequisites
11:42:52  [main] 	All prerequisites found
11:42:52  [main] 	Initializing Modules
11:42:52  [main] 	Enabling autostart for module "Apache"
11:42:52  [main] 	Enabling autostart for module "MySQL"
11:42:52  [main] 	Enabling autostart for module "FileZilla"
11:42:52  [main] 	Starting Check-Timer
11:42:52  [main] 	Control Panel Ready
11:42:52  [Apache] 	Autostart active: starting...
11:42:52  [Apache] 	Attempting to start Apache app...
11:42:53  [mysql] 	Autostart active: starting...
11:42:53  [mysql] 	Attempting to start MySQL app...
11:42:53  [filezilla] 	Autostart active: starting...
11:42:53  [filezilla] 	Attempting to start FileZilla app...
11:42:53  [Apache] 	Status change detected: running
11:42:53  [mysql] 	Status change detected: running
11:42:53  [filezilla] 	Status change detected: running
16:27:46  [mysql] 	Status change detected: stopped
16:27:46  [mysql] 	Error: MySQL shutdown unexpectedly.
16:27:47  [mysql] 	This may be due to a blocked port, missing dependencies, 
16:27:47  [mysql] 	improper privileges, a crash, or a shutdown by another method.
16:27:47  [mysql] 	Press the Logs button to view error logs and check
16:27:47  [mysql] 	the Windows Event Viewer for more clues
16:27:47  [mysql] 	If you need more help, copy and post this
16:27:47  [mysql] 	entire log window on the forums
16:27:57  [Apache] 	Status change detected: stopped
16:27:57  [Apache] 	Error: Apache shutdown unexpectedly.
16:27:57  [Apache] 	This may be due to a blocked port, missing dependencies, 
16:27:57  [Apache] 	improper privileges, a crash, or a shutdown by another method.
16:27:57  [Apache] 	Press the Logs button to view error logs and check
16:27:57  [Apache] 	the Windows Event Viewer for more clues
16:27:57  [Apache] 	If you need more help, copy and post this
16:27:57  [Apache] 	entire log window on the forums
16:27:57  [main] 	Deinitializing Modules
16:27:57  [main] 	Deinitializing Control Panel

